0 info it worked if it ends with ok
1 verbose cli [ '/usr/local/bin/node',
1 verbose cli   '/usr/local/lib/node_modules/cnpm/node_modules/.bin/npm',
1 verbose cli   '--userconfig=/Users/zhangli/.cnpmrc',
1 verbose cli   '--disturl=https://npm.taobao.org/mirrors/node',
1 verbose cli   '--registry=https://registry.npm.taobao.org',
1 verbose cli   'run',
1 verbose cli   'dev' ]
2 info using npm@3.10.8
3 info using node@v4.4.4
4 verbose run-script [ 'predev', 'dev', 'postdev' ]
5 info lifecycle app4@~predev: app4@
6 silly lifecycle app4@~predev: no script for predev, continuing
7 info lifecycle app4@~dev: app4@
8 verbose lifecycle app4@~dev: unsafe-perm in lifecycle true
9 verbose lifecycle app4@~dev: PATH: /usr/local/lib/node_modules/cnpm/node_modules/npm/bin/node-gyp-bin:/Users/zhangli/yuertv-web/node_modules/.bin:/usr/local/bin:/usr/bin:/bin:/usr/sbin:/sbin:/opt/ImageMagick/bin
10 verbose lifecycle app4@~dev: CWD: /Users/zhangli/yuertv-web
11 silly lifecycle app4@~dev: Args: [ '-c',
11 silly lifecycle   'NODE_ENV=development supervisor --debug -w server,app.js app' ]
12 silly lifecycle app4@~dev: Returned: code: 1  signal: null
13 info lifecycle app4@~dev: Failed to exec dev script
14 verbose stack Error: app4@ dev: `NODE_ENV=development supervisor --debug -w server,app.js app`
14 verbose stack Exit status 1
14 verbose stack     at EventEmitter.<anonymous> (/usr/local/lib/node_modules/cnpm/node_modules/npm/lib/utils/lifecycle.js:255:16)
14 verbose stack     at emitTwo (events.js:87:13)
14 verbose stack     at EventEmitter.emit (events.js:172:7)
14 verbose stack     at ChildProcess.<anonymous> (/usr/local/lib/node_modules/cnpm/node_modules/npm/lib/utils/spawn.js:40:14)
14 verbose stack     at emitTwo (events.js:87:13)
14 verbose stack     at ChildProcess.emit (events.js:172:7)
14 verbose stack     at maybeClose (internal/child_process.js:827:16)
14 verbose stack     at Process.ChildProcess._handle.onexit (internal/child_process.js:211:5)
15 verbose pkgid app4@
16 verbose cwd /Users/zhangli/yuertv-web
17 error Darwin 15.6.0
18 error argv "/usr/local/bin/node" "/usr/local/lib/node_modules/cnpm/node_modules/.bin/npm" "--userconfig=/Users/zhangli/.cnpmrc" "--disturl=https://npm.taobao.org/mirrors/node" "--registry=https://registry.npm.taobao.org" "run" "dev"
19 error node v4.4.4
20 error npm  v3.10.8
21 error code ELIFECYCLE
22 error app4@ dev: `NODE_ENV=development supervisor --debug -w server,app.js app`
22 error Exit status 1
23 error Failed at the app4@ dev script 'NODE_ENV=development supervisor --debug -w server,app.js app'.
23 error Make sure you have the latest version of node.js and npm installed.
23 error If you do, this is most likely a problem with the app4 package,
23 error not with npm itself.
23 error Tell the author that this fails on your system:
23 error     NODE_ENV=development supervisor --debug -w server,app.js app
23 error You can get information on how to open an issue for this project with:
23 error     npm bugs app4
23 error Or if that isn't available, you can get their info via:
23 error     npm owner ls app4
23 error There is likely additional logging output above.
24 verbose exit [ 1, true ]
